android/app/build/intermediates/manifest_merge_blame_file/debug/processDebugMainManifest/manifest-merger-blame-debug-report.txt
1<?xml version="1.0" encoding="utf-8"?>
2<manifest xmlns:android="http://schemas.android.com/apk/res/android"
3    package="lk.uop.attendance"
4    android:versionCode="1"
5    android:versionName="1.0" >
6
7    <uses-sdk
8        android:minSdkVersion="24"
9        android:targetSdkVersion="36" />
10
11    <!-- Permissions -->
12
13    <uses-permission android:name="android.permission.INTERNET" />
13-->src\main\AndroidManifest.xml:49:5-67
13-->src\main\AndroidManifest.xml:49:22-64
14
15    <!-- Bluetooth permissions (pre-Android 12) -->
16    <uses-permission
16-->src\main\AndroidManifest.xml:52:5-95
17        android:name="android.permission.BLUETOOTH"
17-->src\main\AndroidManifest.xml:52:22-65
18        android:maxSdkVersion="30" />
18-->src\main\AndroidManifest.xml:52:66-92
19    <uses-permission
19-->src\main\AndroidManifest.xml:53:5-101
20        android:name="android.permission.BLUETOOTH_ADMIN"
20-->src\main\AndroidManifest.xml:53:22-71
21        android:maxSdkVersion="30" />
21-->src\main\AndroidManifest.xml:53:72-98
22    <uses-permission
22-->src\main\AndroidManifest.xml:54:5-108
23        android:name="android.permission.ACCESS_COARSE_LOCATION"
23-->src\main\AndroidManifest.xml:54:22-78
24        android:maxSdkVersion="30" />
24-->src\main\AndroidManifest.xml:54:79-105
25    <uses-permission
25-->src\main\AndroidManifest.xml:55:5-106
26        android:name="android.permission.ACCESS_FINE_LOCATION"
26-->src\main\AndroidManifest.xml:55:22-76
27        android:maxSdkVersion="30" />
27-->src\main\AndroidManifest.xml:55:77-103
28
29    <!-- Bluetooth permissions (Android 12+) -->
30    <uses-permission
30-->src\main\AndroidManifest.xml:58:5-60:31
31        android:name="android.permission.BLUETOOTH_SCAN"
31-->src\main\AndroidManifest.xml:58:22-70
32        android:usesPermissionFlags="neverForLocation" />
32-->src\main\AndroidManifest.xml:59:9-55
33    <uses-permission android:name="android.permission.BLUETOOTH_CONNECT" />
33-->src\main\AndroidManifest.xml:61:5-76
33-->src\main\AndroidManifest.xml:61:22-73
34    <uses-permission android:name="android.permission.BLUETOOTH_ADVERTISE" />
34-->src\main\AndroidManifest.xml:62:5-78
34-->src\main\AndroidManifest.xml:62:22-75
35
36    <uses-feature
36-->src\main\AndroidManifest.xml:64:5-90
37        android:name="android.hardware.bluetooth_le"
37-->src\main\AndroidManifest.xml:64:19-63
38        android:required="true" />
38-->src\main\AndroidManifest.xml:64:64-87
39
40    <queries>
40-->[:capacitor-browser] AndroidManifest.xml:7:5-11:15
41        <intent>
41-->[:capacitor-browser] AndroidManifest.xml:8:9-10:18
42            <action android:name="android.support.customtabs.action.CustomTabsService" />
42-->[:capacitor-browser] AndroidManifest.xml:9:13-90
42-->[:capacitor-browser] AndroidManifest.xml:9:21-87
43        </intent>
44    </queries>
45
46    <permission
46-->[androidx.core:core:1.17.0] AndroidManifest.xml:22:5-24:47
47        android:name="lk.uop.attendance.DYNAMIC_RECEIVER_NOT_EXPORTED_PERMISSION"
47-->[androidx.core:core:1.17.0] AndroidManifest.xml:23:9-81
48        android:protectionLevel="signature" />
48-->[androidx.core:core:1.17.0] AndroidManifest.xml:24:9-44
49
50    <uses-permission android:name="lk.uop.attendance.DYNAMIC_RECEIVER_NOT_EXPORTED_PERMISSION" />
50-->[androidx.core:core:1.17.0] AndroidManifest.xml:26:5-97
50-->[androidx.core:core:1.17.0] AndroidManifest.xml:26:22-94
51
52    <application
52-->src\main\AndroidManifest.xml:5:5-45:19
53        android:allowBackup="true"
53-->src\main\AndroidManifest.xml:6:9-35
54        android:appComponentFactory="androidx.core.app.CoreComponentFactory"
54-->[androidx.core:core:1.17.0] AndroidManifest.xml:28:18-86
55        android:debuggable="true"
56        android:extractNativeLibs="false"
57        android:icon="@mipmap/ic_launcher"
57-->src\main\AndroidManifest.xml:7:9-43
58        android:label="@string/app_name"
58-->src\main\AndroidManifest.xml:8:9-41
59        android:roundIcon="@mipmap/ic_launcher_round"
59-->src\main\AndroidManifest.xml:9:9-54
60        android:supportsRtl="true"
60-->src\main\AndroidManifest.xml:10:9-35
61        android:testOnly="true"
62        android:theme="@style/AppTheme" >
62-->src\main\AndroidManifest.xml:11:9-40
63        <activity
63-->src\main\AndroidManifest.xml:13:9-34:20
64            android:name="lk.uop.attendance.MainActivity"
64-->src\main\AndroidManifest.xml:15:13-41
65            android:configChanges="orientation|keyboardHidden|keyboard|screenSize|locale|smallestScreenSize|screenLayout|uiMode|navigation|density"
65-->src\main\AndroidManifest.xml:14:13-148
66            android:exported="true"
66-->src\main\AndroidManifest.xml:19:13-36
67            android:label="@string/title_activity_main"
67-->src\main\AndroidManifest.xml:16:13-56
68            android:launchMode="singleTask"
68-->src\main\AndroidManifest.xml:18:13-44
69            android:theme="@style/AppTheme.NoActionBarLaunch" >
69-->src\main\AndroidManifest.xml:17:13-62
70            <intent-filter>
70-->src\main\AndroidManifest.xml:21:13-24:29
71                <action android:name="android.intent.action.MAIN" />
71-->src\main\AndroidManifest.xml:22:17-69
71-->src\main\AndroidManifest.xml:22:25-66
72
73                <category android:name="android.intent.category.LAUNCHER" />
73-->src\main\AndroidManifest.xml:23:17-77
73-->src\main\AndroidManifest.xml:23:27-74
74            </intent-filter>
75
76            <!-- OAuth return: custom scheme cannot load inside the in-app browser tab -->
77            <intent-filter>
77-->src\main\AndroidManifest.xml:27:13-32:29
78                <action android:name="android.intent.action.VIEW" />
78-->src\main\AndroidManifest.xml:28:17-69
78-->src\main\AndroidManifest.xml:28:25-66
79
80                <category android:name="android.intent.category.DEFAULT" />
80-->src\main\AndroidManifest.xml:29:17-76
80-->src\main\AndroidManifest.xml:29:27-73
81                <category android:name="android.intent.category.BROWSABLE" />
81-->src\main\AndroidManifest.xml:30:17-78
81-->src\main\AndroidManifest.xml:30:27-75
82
83                <data
83-->src\main\AndroidManifest.xml:31:17-81
84                    android:host="oauth"
84-->src\main\AndroidManifest.xml:31:58-78
85                    android:scheme="lk.uop.attendance" />
85-->src\main\AndroidManifest.xml:31:23-57
86            </intent-filter>
87        </activity>
88
89        <provider
90            android:name="androidx.core.content.FileProvider"
90-->src\main\AndroidManifest.xml:37:13-62
91            android:authorities="lk.uop.attendance.fileprovider"
91-->src\main\AndroidManifest.xml:38:13-64
92            android:exported="false"
92-->src\main\AndroidManifest.xml:39:13-37
93            android:grantUriPermissions="true" >
93-->src\main\AndroidManifest.xml:40:13-47
94            <meta-data
94-->src\main\AndroidManifest.xml:41:13-43:64
95                android:name="android.support.FILE_PROVIDER_PATHS"
95-->src\main\AndroidManifest.xml:42:17-67
96                android:resource="@xml/file_paths" />
96-->src\main\AndroidManifest.xml:43:17-51
97        </provider>
98
99        <activity
99-->[:capacitor-browser] AndroidManifest.xml:14:9-18:75
100            android:name="com.capacitorjs.plugins.browser.BrowserControllerActivity"
100-->[:capacitor-browser] AndroidManifest.xml:15:13-85
101            android:exported="false"
101-->[:capacitor-browser] AndroidManifest.xml:16:13-37
102            android:launchMode="singleTask"
102-->[:capacitor-browser] AndroidManifest.xml:17:13-44
103            android:theme="@android:style/Theme.Translucent.NoTitleBar" />
103-->[:capacitor-browser] AndroidManifest.xml:18:13-72
104
105        <provider
105-->[androidx.emoji2:emoji2:1.3.0] AndroidManifest.xml:24:9-32:20
106            android:name="androidx.startup.InitializationProvider"
106-->[androidx.emoji2:emoji2:1.3.0] AndroidManifest.xml:25:13-67
107            android:authorities="lk.uop.attendance.androidx-startup"
107-->[androidx.emoji2:emoji2:1.3.0] AndroidManifest.xml:26:13-68
108            android:exported="false" >
108-->[androidx.emoji2:emoji2:1.3.0] AndroidManifest.xml:27:13-37
109            <meta-data
109-->[androidx.emoji2:emoji2:1.3.0] AndroidManifest.xml:29:13-31:52
110                android:name="androidx.emoji2.text.EmojiCompatInitializer"
110-->[androidx.emoji2:emoji2:1.3.0] AndroidManifest.xml:30:17-75
111                android:value="androidx.startup" />
111-->[androidx.emoji2:emoji2:1.3.0] AndroidManifest.xml:31:17-49
112            <meta-data
112-->[androidx.lifecycle:lifecycle-process:2.6.2] AndroidManifest.xml:29:13-31:52
113                android:name="androidx.lifecycle.ProcessLifecycleInitializer"
113-->[androidx.lifecycle:lifecycle-process:2.6.2] AndroidManifest.xml:30:17-78
114                android:value="androidx.startup" />
114-->[androidx.lifecycle:lifecycle-process:2.6.2] AndroidManifest.xml:31:17-49
115            <meta-data
115-->[androidx.profileinstaller:profileinstaller:1.4.0] AndroidManifest.xml:29:13-31:52
116                android:name="androidx.profileinstaller.ProfileInstallerInitializer"
116-->[androidx.profileinstaller:profileinstaller:1.4.0] AndroidManifest.xml:30:17-85
117                android:value="androidx.startup" />
117-->[androidx.profileinstaller:profileinstaller:1.4.0] AndroidManifest.xml:31:17-49
118        </provider>
119
120        <receiver
120-->[androidx.profileinstaller:profileinstaller:1.4.0] AndroidManifest.xml:34:9-52:20
121            android:name="androidx.profileinstaller.ProfileInstallReceiver"
121-->[androidx.profileinstaller:profileinstaller:1.4.0] AndroidManifest.xml:35:13-76
122            android:directBootAware="false"
122-->[androidx.profileinstaller:profileinstaller:1.4.0] AndroidManifest.xml:36:13-44
123            android:enabled="true"
123-->[androidx.profileinstaller:profileinstaller:1.4.0] AndroidManifest.xml:37:13-35
124            android:exported="true"
124-->[androidx.profileinstaller:profileinstaller:1.4.0] AndroidManifest.xml:38:13-36
125            android:permission="android.permission.DUMP" >
125-->[androidx.profileinstaller:profileinstaller:1.4.0] AndroidManifest.xml:39:13-57
126            <intent-filter>
126-->[androidx.profileinstaller:profileinstaller:1.4.0] AndroidManifest.xml:40:13-42:29
127                <action android:name="androidx.profileinstaller.action.INSTALL_PROFILE" />
127-->[androidx.profileinstaller:profileinstaller:1.4.0] AndroidManifest.xml:41:17-91
127-->[androidx.profileinstaller:profileinstaller:1.4.0] AndroidManifest.xml:41:25-88
128            </intent-filter>
129            <intent-filter>
129-->[androidx.profileinstaller:profileinstaller:1.4.0] AndroidManifest.xml:43:13-45:29
130                <action android:name="androidx.profileinstaller.action.SKIP_FILE" />
130-->[androidx.profileinstaller:profileinstaller:1.4.0] AndroidManifest.xml:44:17-85
130-->[androidx.profileinstaller:profileinstaller:1.4.0] AndroidManifest.xml:44:25-82
131            </intent-filter>
132            <intent-filter>
132-->[androidx.profileinstaller:profileinstaller:1.4.0] AndroidManifest.xml:46:13-48:29
133                <action android:name="androidx.profileinstaller.action.SAVE_PROFILE" />
133-->[androidx.profileinstaller:profileinstaller:1.4.0] AndroidManifest.xml:47:17-88
133-->[androidx.profileinstaller:profileinstaller:1.4.0] AndroidManifest.xml:47:25-85
134            </intent-filter>
135            <intent-filter>
135-->[androidx.profileinstaller:profileinstaller:1.4.0] AndroidManifest.xml:49:13-51:29
136                <action android:name="androidx.profileinstaller.action.BENCHMARK_OPERATION" />
136-->[androidx.profileinstaller:profileinstaller:1.4.0] AndroidManifest.xml:50:17-95
136-->[androidx.profileinstaller:profileinstaller:1.4.0] AndroidManifest.xml:50:25-92
137            </intent-filter>
138        </receiver>
139    </application>
140
141</manifest>